build time -- 2022-01-27 06:28:07
 --------------------------------------- 
 Start of  System Test ESMF_ArraySharedDeSSISTest
 --------------------------------------- 
 --------------------------------------- 
 Start of  System Test ESMF_ArraySharedDeSSISTest
 --------------------------------------- 
 --------------------------------------- 
 Start of  System Test ESMF_ArraySharedDeSSISTest
 --------------------------------------- 
 --------------------------------------- 
 Start of  System Test ESMF_ArraySharedDeSSISTest
 --------------------------------------- 
 --------------------------------------- 
 Start of  System Test ESMF_ArraySharedDeSSISTest
 --------------------------------------- 
 --------------------------------------- 
 Start of  System Test ESMF_ArraySharedDeSSISTest
 --------------------------------------- 
  System Test ESMF_ArraySharedDeSSISTest                                        
                                                                                
                                                                                
                     complete.
 ------------------------------------------------------------
 ------------------------------------------------------------
 Test finished, localPet =            2
 ------------------------------------------------------------
 ------------------------------------------------------------
  PASS  System Test ESMF_ArraySharedDeSSISTest, ESMF_ArraySharedDeSSISTest.F90, 
 line 297
 
  System Test ESMF_ArraySharedDeSSISTest
  SUCCESS:  System Test ESMF_ArraySharedDeSSISTest finished correctly.
 
  System Test ESMF_ArraySharedDeSSISTest                                        
                                                                                
                                                                                
                     complete.
 ------------------------------------------------------------
 ------------------------------------------------------------
 Test finished, localPet =            0
 ------------------------------------------------------------
 ------------------------------------------------------------
 
  System Test ESMF_ArraySharedDeSSISTest
  SUCCESS:  System Test ESMF_ArraySharedDeSSISTest finished correctly.
 
  PASS  System Test ESMF_ArraySharedDeSSISTest, ESMF_ArraySharedDeSSISTest.F90, 
 line 297
  System Test ESMF_ArraySharedDeSSISTest                                        
                                                                                
                                                                                
                     complete.
 ------------------------------------------------------------
 ------------------------------------------------------------
 Test finished, localPet =            1
 ------------------------------------------------------------
 ------------------------------------------------------------
  PASS  System Test ESMF_ArraySharedDeSSISTest, ESMF_ArraySharedDeSSISTest.F90, 
 line 297
 
  System Test ESMF_ArraySharedDeSSISTest
  SUCCESS:  System Test ESMF_ArraySharedDeSSISTest finished correctly.
 
  System Test ESMF_ArraySharedDeSSISTest                                        
                                                                                
                                                                                
                     complete.
 ------------------------------------------------------------
 ------------------------------------------------------------
 Test finished, localPet =            4
 ------------------------------------------------------------
 ------------------------------------------------------------
  PASS  System Test ESMF_ArraySharedDeSSISTest, ESMF_ArraySharedDeSSISTest.F90, 
 line 297
 
  System Test ESMF_ArraySharedDeSSISTest
  SUCCESS:  System Test ESMF_ArraySharedDeSSISTest finished correctly.
 
  System Test ESMF_ArraySharedDeSSISTest                                        
                                                                                
                                                                                
                     complete.
 ------------------------------------------------------------
 ------------------------------------------------------------
 Test finished, localPet =            3
 ------------------------------------------------------------
 ------------------------------------------------------------
 
  System Test ESMF_ArraySharedDeSSISTest
  SUCCESS:  System Test ESMF_ArraySharedDeSSISTest finished correctly.
 
  PASS  System Test ESMF_ArraySharedDeSSISTest, ESMF_ArraySharedDeSSISTest.F90, 
 line 297
  System Test ESMF_ArraySharedDeSSISTest                                        
                                                                                
                                                                                
                     complete.
 ------------------------------------------------------------
 ------------------------------------------------------------
 Test finished, localPet =            5
 ------------------------------------------------------------
 ------------------------------------------------------------
 
  System Test ESMF_ArraySharedDeSSISTest
  SUCCESS:  System Test ESMF_ArraySharedDeSSISTest finished correctly.
 
  PASS  System Test ESMF_ArraySharedDeSSISTest, ESMF_ArraySharedDeSSISTest.F90, 
 line 297
Abort(806969871) on node 2 (rank 2 in comm 0): Fatal error in PMPI_Finalize: Other MPI error, error stack:
PMPI_Finalize(367)...............: MPI_Finalize failed
PMPI_Finalize(278)...............: 
MPID_Finalize(1033)..............: 
MPIDI_OFI_mpi_finalize_hook(1579): OFI domain close failed (ofi_init.c:1579:MPIDI_OFI_mpi_finalize_hook:Device or resource busy)
In: PMI_Abort(806969871, Fatal error in PMPI_Finalize: Other MPI error, error stack:
PMPI_Finalize(367)...............: MPI_Finalize failed
PMPI_Finalize(278)...............: 
MPID_Finalize(1033)..............: 
MPIDI_OFI_mpi_finalize_hook(1579): OFI domain close failed (ofi_init.c:1579:MPIDI_OFI_mpi_finalize_hook:Device or resource busy))
Abort(806969871) on node 4 (rank 4 in comm 0): Fatal error in PMPI_Finalize: Other MPI error, error stack:
PMPI_Finalize(367)...............: MPI_Finalize failed
PMPI_Finalize(278)...............: 
MPID_Finalize(1033)..............: 
MPIDI_OFI_mpi_finalize_hook(1579): OFI domain close failed (ofi_init.c:1579:MPIDI_OFI_mpi_finalize_hook:Device or resource busy)
In: PMI_Abort(806969871, Fatal error in PMPI_Finalize: Other MPI error, error stack:
PMPI_Finalize(367)...............: MPI_Finalize failed
PMPI_Finalize(278)...............: 
MPID_Finalize(1033)..............: 
MPIDI_OFI_mpi_finalize_hook(1579): OFI domain close failed (ofi_init.c:1579:MPIDI_OFI_mpi_finalize_hook:Device or resource busy))
Abort(806969871) on node 0 (rank 0 in comm 0): Fatal error in PMPI_Finalize: Other MPI error, error stack:
PMPI_Finalize(367)...............: MPI_Finalize failed
PMPI_Finalize(278)...............: 
MPID_Finalize(1033)..............: 
MPIDI_OFI_mpi_finalize_hook(1579): OFI domain close failed (ofi_init.c:1579:MPIDI_OFI_mpi_finalize_hook:Device or resource busy)
In: PMI_Abort(806969871, Fatal error in PMPI_Finalize: Other MPI error, error stack:
PMPI_Finalize(367)...............: MPI_Finalize failed
PMPI_Finalize(278)...............: 
MPID_Finalize(1033)..............: 
MPIDI_OFI_mpi_finalize_hook(1579): OFI domain close failed (ofi_init.c:1579:MPIDI_OFI_mpi_finalize_hook:Device or resource busy))
Abort(806969871) on node 5 (rank 5 in comm 0): Fatal error in PMPI_Finalize: Other MPI error, error stack:
PMPI_Finalize(367)...............: MPI_Finalize failed
PMPI_Finalize(278)...............: 
MPID_Finalize(1033)..............: 
MPIDI_OFI_mpi_finalize_hook(1579): OFI domain close failed (ofi_init.c:1579:MPIDI_OFI_mpi_finalize_hook:Device or resource busy)
In: PMI_Abort(806969871, Fatal error in PMPI_Finalize: Other MPI error, error stack:
PMPI_Finalize(367)...............: MPI_Finalize failed
PMPI_Finalize(278)...............: 
MPID_Finalize(1033)..............: 
MPIDI_OFI_mpi_finalize_hook(1579): OFI domain close failed (ofi_init.c:1579:MPIDI_OFI_mpi_finalize_hook:Device or resource busy))
Abort(806969871) on node 1 (rank 1 in comm 0): Fatal error in PMPI_Finalize: Other MPI error, error stack:
PMPI_Finalize(367)...............: MPI_Finalize failed
PMPI_Finalize(278)...............: 
MPID_Finalize(1033)..............: 
MPIDI_OFI_mpi_finalize_hook(1579): OFI domain close failed (ofi_init.c:1579:MPIDI_OFI_mpi_finalize_hook:Device or resource busy)
In: PMI_Abort(806969871, Fatal error in PMPI_Finalize: Other MPI error, error stack:
PMPI_Finalize(367)...............: MPI_Finalize failed
PMPI_Finalize(278)...............: 
MPID_Finalize(1033)..............: 
MPIDI_OFI_mpi_finalize_hook(1579): OFI domain close failed (ofi_init.c:1579:MPIDI_OFI_mpi_finalize_hook:Device or resource busy))
Abort(806969871) on node 3 (rank 3 in comm 0): Fatal error in PMPI_Finalize: Other MPI error, error stack:
PMPI_Finalize(367)...............: MPI_Finalize failed
PMPI_Finalize(278)...............: 
MPID_Finalize(1033)..............: 
MPIDI_OFI_mpi_finalize_hook(1579): OFI domain close failed (ofi_init.c:1579:MPIDI_OFI_mpi_finalize_hook:Device or resource busy)
In: PMI_Abort(806969871, Fatal error in PMPI_Finalize: Other MPI error, error stack:
PMPI_Finalize(367)...............: MPI_Finalize failed
PMPI_Finalize(278)...............: 
MPID_Finalize(1033)..............: 
MPIDI_OFI_mpi_finalize_hook(1579): OFI domain close failed (ofi_init.c:1579:MPIDI_OFI_mpi_finalize_hook:Device or resource busy))
srun: Job step aborted: Waiting up to 32 seconds for job step to finish.
slurmstepd: error: *** STEP 11883074.221 ON s4-204-c16 CANCELLED AT 2022-01-27T06:56:35 ***
srun: error: s4-204-c16: tasks 0-4: Killed
srun: Terminating job step 11883074.221
srun: error: s4-204-c16: task 5: Exited with exit code 15
TOTCPU=15:10:56 ELAP=00:28:28 REQMEM=5875Mc REQCPUS=24 ALLOCCPUS=32 TIMELIMIT=02:30:00 PART=s4 ACCT=star
MAXRSS=0 MAXVMSIZE=196896K
________________________________________________________________
Job Resource Usage Summary for 11883074

  CPU Time Used : 15:10:56
  Memory Used : 0
  Virtual Memory Used : 196896K
  Walltime Used : 00:28:28

  Memory Requested : 5875Mc (n=per node; c=per core)
  CPUs Requested / Allocated : 24 / 32
  Walltime Requested : 02:30:00

  Execution Queue : s4
  Head Node : 
  Charged to : star

  Job Stopped : Thu Jan 27 06:56:36 UTC 2022
_____________________________________________________________________

